0 info it worked if it ends with ok
1 verbose cli [ '/usr/local/bin/node', '/usr/local/bin/npm', 'run', 'bot' ]
2 info using npm@4.0.5
3 info using node@v7.4.0
4 verbose run-script [ 'prebot', 'bot', 'postbot' ]
5 info lifecycle wintermute-bot@0.0.0~prebot: wintermute-bot@0.0.0
6 silly lifecycle wintermute-bot@0.0.0~prebot: no script for prebot, continuing
7 info lifecycle wintermute-bot@0.0.0~bot: wintermute-bot@0.0.0
8 verbose lifecycle wintermute-bot@0.0.0~bot: unsafe-perm in lifecycle true
9 verbose lifecycle wintermute-bot@0.0.0~bot: PATH: /usr/local/lib/node_modules/npm/bin/node-gyp-bin:/Users/ray/Wintermute-Bot/node_modules/.bin:/usr/local/bin:/usr/bin:/bin:/usr/sbin:/sbin:/opt/X11/bin:/Library/Frameworks/Mono.framework/Versions/Current/Commands
10 verbose lifecycle wintermute-bot@0.0.0~bot: CWD: /Users/ray/Wintermute-Bot
11 silly lifecycle wintermute-bot@0.0.0~bot: Args: [ '-c', 'node ./lib/index.js' ]
12 silly lifecycle wintermute-bot@0.0.0~bot: Returned: code: 1  signal: null
13 info lifecycle wintermute-bot@0.0.0~bot: Failed to exec bot script
14 verbose stack Error: wintermute-bot@0.0.0 bot: `node ./lib/index.js`
14 verbose stack Exit status 1
14 verbose stack     at EventEmitter.<anonymous> (/usr/local/lib/node_modules/npm/lib/utils/lifecycle.js:279:16)
14 verbose stack     at emitTwo (events.js:106:13)
14 verbose stack     at EventEmitter.emit (events.js:191:7)
14 verbose stack     at ChildProcess.<anonymous> (/usr/local/lib/node_modules/npm/lib/utils/spawn.js:40:14)
14 verbose stack     at emitTwo (events.js:106:13)
14 verbose stack     at ChildProcess.emit (events.js:191:7)
14 verbose stack     at maybeClose (internal/child_process.js:885:16)
14 verbose stack     at Process.ChildProcess._handle.onexit (internal/child_process.js:226:5)
15 verbose pkgid wintermute-bot@0.0.0
16 verbose cwd /Users/ray/Wintermute-Bot/images
17 error Darwin 15.0.0
18 error argv "/usr/local/bin/node" "/usr/local/bin/npm" "run" "bot"
19 error node v7.4.0
20 error npm  v4.0.5
21 error code ELIFECYCLE
22 error wintermute-bot@0.0.0 bot: `node ./lib/index.js`
22 error Exit status 1
23 error Failed at the wintermute-bot@0.0.0 bot script 'node ./lib/index.js'.
23 error Make sure you have the latest version of node.js and npm installed.
23 error If you do, this is most likely a problem with the wintermute-bot package,
23 error not with npm itself.
23 error Tell the author that this fails on your system:
23 error     node ./lib/index.js
23 error You can get information on how to open an issue for this project with:
23 error     npm bugs wintermute-bot
23 error Or if that isn't available, you can get their info via:
23 error     npm owner ls wintermute-bot
23 error There is likely additional logging output above.
24 verbose exit [ 1, true ]
